Copyright 1986-2017 Xilinx, Inc. All Rights Reserved.
--------------------------------------------------------------------------------------------------------------------------------------------
| Tool Version : Vivado v.2017.1_sdx (lin64) Build 1915620 Thu Jun 22 17:54:59 MDT 2017
| Date         : Tue Jun 26 20:24:42 2018
| Host         : ecs-4cbc.novalocal running 64-bit CentOS Linux release 7.3.1611 (Core)
| Command      : report_sdx_utilization -kernels { mmult:dr_i/mmult_1/inst:mmult_1} -file kernel_util_synthed.rpt -name kernel_util_synthed
| Design       : dr_wrapper
| Device       : xcvu9p
| Design State : Synthesized
--------------------------------------------------------------------------------------------------------------------------------------------

SDx Utilization Design Information

Table of Contents
-----------------
1. SDx System Utilization

1. SDx System Utilization
-------------------------

+---------------------+-------------------+------------------+-------------------+----------------+---------------+----------------+
| Name                | LUT               | LUTMem           | REG               | BRAM           | URAM          | DSP            |
+---------------------+-------------------+------------------+-------------------+----------------+---------------+----------------+
| Platform            |    2245 [  0.19%] |     88 [  0.01%] |    4926 [  0.21%] |    0 [  0.00%] |   0 [  0.00%] |    0 [  0.00%] |
| User Budget         | 1179995 [100.00%] | 591752 [100.00%] | 2359554 [100.00%] | 2160 [100.00%] | 960 [100.00%] | 6840 [100.00%] |
|    Used Resources   |    2646 [  0.22%] |    152 [  0.03%] |    2582 [  0.11%] |  769 [ 35.60%] |   0 [  0.00%] |    3 [  0.04%] |
|    Unused Resources | 1177349 [ 99.78%] | 591600 [ 99.97%] | 2356972 [ 99.89%] | 1391 [ 64.40%] | 960 [100.00%] | 6837 [ 99.96%] |
| mmult               |    2646 [  0.22%] |    152 [  0.03%] |    2582 [  0.11%] |  769 [ 35.60%] |   0 [  0.00%] |    3 [  0.04%] |
|    mmult_1          |    2646 [  0.22%] |    152 [  0.03%] |    2582 [  0.11%] |  769 [ 35.60%] |   0 [  0.00%] |    3 [  0.04%] |
+---------------------+-------------------+------------------+-------------------+----------------+---------------+----------------+


